{
  "event": "WRML_INIT_START",
  "ts": "2025-11-23 06:22:23Z"
}
{
  "event": "NODE_REGISTRY_CREATED",
  "ts": "2025-11-23 06:22:23Z"
}
{
  "event": "ROUTER_DEPLOYED",
  "ts": "2025-11-23 06:22:23Z"
}
{
  "event": "MESSAGE_BUS_DEPLOYED",
  "ts": "2025-11-23 06:22:24Z"
}
{
  "event": "DISCOVERY_ENGINE_DEPLOYED",
  "ts": "2025-11-23 06:22:24Z"
}
{
  "event": "PROBE_ENGINE_DEPLOYED",
  "ts": "2025-11-23 06:22:24Z"
}
{
  "event": "SUPERVISOR_DEPLOYED",
  "ts": "2025-11-23 06:22:24Z"
}
{
  "event": "SIGNATURE_CREATED",
  "ts": "2025-11-23 06:22:24Z"
}
