{
  "event": "WPM_ASSEMBLY_START",
  "ts": "2025-11-23 04:32:02Z"
}
{
  "event": "PACKAGE_DB_CREATED",
  "ts": "2025-11-23 04:32:02Z"
}
{
  "event": "CMD_INSTALL_CREATED",
  "ts": "2025-11-23 04:32:02Z"
}
{
  "event": "CMD_REMOVE_CREATED",
  "ts": "2025-11-23 04:32:02Z"
}
{
  "event": "CMD_LIST_CREATED",
  "ts": "2025-11-23 04:32:02Z"
}
{
  "event": "MANIFEST_CREATED",
  "ts": "2025-11-23 04:32:02Z"
}
{
  "event": "WPM_SEAL_GENERATED",
  "ts": "2025-11-23 04:32:03Z"
}
{
  "event": "WPM_ASSEMBLY_COMPLETE",
  "ts": "2025-11-23 04:32:03Z"
}
