{
  "event": "ROOT_ASSEMBLY_START",
  "ts": "2025-11-23 04:30:14Z"
}
{
  "event": "SYSTEM_ID:75cebe62-fc4e-4918-9993-8fc98177cdaf",
  "ts": "2025-11-23 04:30:15Z"
}
{
  "event": "ATTACHED_SGI_SEAL",
  "ts": "2025-11-23 04:30:15Z"
}
{
  "event": "BOOT_REGISTRY_CREATED",
  "ts": "2025-11-23 04:30:15Z"
}
{
  "event": "KERNEL_ANCHOR:E2D2D2CD17226758F753C8AB333088B14D29F8CC2722C0EB8C8DA0EBA9B9CA43E026227CFAF74FC4F9A659843ACB6098CB2F8211EFFB89963D6917F067625B41",
  "ts": "2025-11-23 04:30:15Z"
}
{
  "event": "ROOT_SEAL:0BEA46892D413935BEBE2E175F751DF9EE78B3A5B916351028A62158B5B3F0B4",
  "ts": "2025-11-23 04:30:15Z"
}
{
  "event": "ROOT_ASSEMBLY_COMPLETE",
  "ts": "2025-11-23 04:30:16Z"
}
