{
  "event": "KERNEL_EXPANSION_START",
  "ts": "2025-11-23 06:15:18Z"
}
{
  "event": "KERNEL_PROCESS_CONTROLLER_INSTALLED",
  "ts": "2025-11-23 06:15:18Z"
}
{
  "event": "KERNEL_CONFIG_ENGINE_INSTALLED",
  "ts": "2025-11-23 06:15:18Z"
}
{
  "event": "KERNEL_HEARTBEAT_ENGINE_INSTALLED",
  "ts": "2025-11-23 06:15:18Z"
}
{
  "event": "KERNEL_METRICS_ENGINE_INSTALLED",
  "ts": "2025-11-23 06:15:18Z"
}
{
  "event": "KERNEL_SANDBOX_INSTALLED",
  "ts": "2025-11-23 06:15:18Z"
}
{
  "event": "KERNEL_PERMISSIONS_LAYER_INSTALLED",
  "ts": "2025-11-23 06:15:19Z"
}
{
  "event": "KERNEL_SECURE_CHANNEL_INSTALLED",
  "ts": "2025-11-23 06:15:19Z"
}
{
  "event": "KERNEL_EXPANSION_SIGNATURE_COMPLETE",
  "ts": "2025-11-23 06:15:19Z"
}
