{
  "event": "KERNEL_ID_CREATED",
  "ts": "2025-11-23 06:14:10Z"
}
{
  "event": "KERNEL_STATE_ENGINE_INSTALLED",
  "ts": "2025-11-23 06:14:10Z"
}
{
  "event": "KERNEL_AUDIT_ENGINE_INSTALLED",
  "ts": "2025-11-23 06:14:10Z"
}
{
  "event": "KERNEL_EVENT_ENGINE_INSTALLED",
  "ts": "2025-11-23 06:14:10Z"
}
{
  "event": "KERNEL_SIGNATURE_CREATED",
  "ts": "2025-11-23 06:14:10Z",
  "hash": "CB6ECF817FDA24E5E4EF79D34A27EF16C964796C1C30BD6D82CE9BB73CD3E8FAC67C9B33164ED6A7712000E00941408723E5956D57E813979A9AA245A08126CD"
}
{
  "event": "KERNEL_BOUND_TO_BOOT",
  "ts": "2025-11-23 06:14:11Z"
}
{
  "event": "KERNEL_LIFT_COMPLETE",
  "ts": "2025-11-23 06:14:11Z"
}
