2025-11-24T08:43:05.6120088+00:00 :: Security Baseline Engine starting...
2025-11-24T08:43:05.6435185+00:00 :: OK: E:\CIC\WyneOS\System\SGI
2025-11-24T08:43:05.6502997+00:00 :: Missing: E:\CIC\WyneOS\System\Guardian — creating
2025-11-24T08:43:05.6993338+00:00 :: Missing: E:\CIC\WyneOS\System\Integrity — creating
2025-11-24T08:43:05.7349516+00:00 :: OK: E:\CIC\WyneOS\System\Heartbeat
2025-11-24T08:43:05.7425444+00:00 :: OK: E:\CIC\WyneOS\System\Telemetry
2025-11-24T08:43:05.7505963+00:00 :: OK: E:\CIC\WyneOS\System\Policy
2025-11-24T08:43:05.7600518+00:00 :: OK: E:\CIC\WyneOS\System\Upgrade
2025-11-24T08:43:05.7673022+00:00 :: OK: E:\CIC\WyneOS\System\Events
2025-11-24T08:43:05.7786334+00:00 :: OK: E:\CIC\WyneOS\System\Identity
2025-11-24T08:43:05.7868762+00:00 :: OK: E:\CIC\WyneOS\System\Capabilities
2025-11-24T08:43:05.7945482+00:00 :: OK: E:\CIC\WyneOS\System\WyneGrid
2025-11-24T08:43:05.8027328+00:00 :: OK: E:\CIC\WyneOS\System\CloudLink
2025-11-24T08:43:05.8105314+00:00 :: OK: E:\CIC\WyneOS\System\Ledger
2025-11-24T08:43:05.8184404+00:00 :: OK: E:\CIC\WyneOS\System\TrustSeal
2025-11-24T08:43:05.8268042+00:00 :: OK: E:\CIC\WyneOS\System\SyncChain
2025-11-24T08:43:05.8345273+00:00 :: OK: E:\CIC\WyneOS\System\Compliance
2025-11-24T08:43:05.8424724+00:00 :: OK: E:\CIC\WyneOS\Dashboard
2025-11-24T08:43:05.8701560+00:00 :: Permissions hardened: E:\CIC\WyneOS\System\SGI
2025-11-24T08:43:05.8903051+00:00 :: Permissions hardened: E:\CIC\WyneOS\System\Guardian
2025-11-24T08:43:05.9097715+00:00 :: Permissions hardened: E:\CIC\WyneOS\System\Integrity
2025-11-24T08:43:05.9301585+00:00 :: Permissions hardened: E:\CIC\WyneOS\System\Heartbeat
2025-11-24T08:43:05.9505745+00:00 :: Permissions hardened: E:\CIC\WyneOS\System\Telemetry
2025-11-24T08:43:05.9704375+00:00 :: Permissions hardened: E:\CIC\WyneOS\System\Policy
2025-11-24T08:43:05.9894834+00:00 :: Permissions hardened: E:\CIC\WyneOS\System\Upgrade
2025-11-24T08:43:06.0104260+00:00 :: Permissions hardened: E:\CIC\WyneOS\System\Events
2025-11-24T08:43:06.0309438+00:00 :: Permissions hardened: E:\CIC\WyneOS\System\Identity
2025-11-24T08:43:06.0507563+00:00 :: Permissions hardened: E:\CIC\WyneOS\System\Capabilities
2025-11-24T08:43:06.0717279+00:00 :: Permissions hardened: E:\CIC\WyneOS\System\WyneGrid
2025-11-24T08:43:06.0975088+00:00 :: Permissions hardened: E:\CIC\WyneOS\System\CloudLink
2025-11-24T08:43:06.1191243+00:00 :: Permissions hardened: E:\CIC\WyneOS\System\Ledger
2025-11-24T08:43:06.1393120+00:00 :: Permissions hardened: E:\CIC\WyneOS\System\TrustSeal
2025-11-24T08:43:06.1618056+00:00 :: Permissions hardened: E:\CIC\WyneOS\System\SyncChain
2025-11-24T08:43:06.1840705+00:00 :: Permissions hardened: E:\CIC\WyneOS\System\Compliance
2025-11-24T08:43:06.2082053+00:00 :: Permissions hardened: E:\CIC\WyneOS\Dashboard
2025-11-24T08:43:07.2545896+00:00 :: Integrity hash report updated.
2025-11-24T08:43:07.2623601+00:00 :: Security Baseline Engine completed.
