=== WyneOS Upgrade Run 11/24/2025 06:14:16 ===
Checking assurenet-pay (private)
Checking Digital-Evidence-Audit-Pack (private)
Checking Repository-name-WyneOS-SGI-Core-Visibility-Private (private)
Checking SAS-Community-Engagement-Pack (private)
Checking SAS-Compliance-Framework (private)
Checking SAS-Creative-Recovery-Starter (private)
Checking SAS-Governance-Templates (private)
Checking SAS-Integrity (private)
Checking SAS-Platform (private)
Checking SGI-Core (private)
Checking WFSL (private)
Checking wfsl-core (private)
Checking WFSL-Digital-Forensics-Starter (private)
Checking WFSL-Engineer-Deployment-Pack (private)
Checking WFSL-Field-Engineer-RapidKit (private)
Checking WFSL-Intelligence-Toolkit (private)
Checking wfsl-portal (private)
Checking wfsl-web (private)
Checking WyneOS (private)
Checking WyneOS-SGI-Core (private)
Checking wynergy-intel-api (private)
Checking Wynergy-Licensing-Registry (private)
Checking Wynergy-Portal-Assets (private)
Checking wynergy-registry-api (private)
Checking wynergy-security-api (private)
Checking Wynergy-Security-Kit (private)
Checking Wynergy-Sentinel-Suite (private)
Checking Wynergy-Sentinel-Suite. (private)
Checking Wynergy-Store (private)
Checking Wynergy-Template-Library (private)
Upgrade scan complete.
