{
  "event": "WCPM_INIT_START",
  "ts": "2025-11-23 06:21:10Z"
}
{
  "event": "PROCESS_REGISTRY_CREATED",
  "ts": "2025-11-23 06:21:10Z"
}
{
  "event": "PROCESS_STARTER_INSTALLED",
  "ts": "2025-11-23 06:21:10Z"
}
{
  "event": "PROCESS_CHECKER_INSTALLED",
  "ts": "2025-11-23 06:21:10Z"
}
{
  "event": "AUTO_RECOVERY_ENGINE_INSTALLED",
  "ts": "2025-11-23 06:21:10Z"
}
{
  "event": "HEARTBEAT_ENGINE_INSTALLED",
  "ts": "2025-11-23 06:21:10Z"
}
{
  "event": "SUPERVISOR_INSTALLED",
  "ts": "2025-11-23 06:21:11Z"
}
{
  "event": "WCPM_SIGNATURE_CREATED",
  "ts": "2025-11-23 06:21:11Z"
}
