{
  "Timestamp": "2025-11-23T23:54:13",
  "Event": "GUARDIAN_WATCHER_START"
}
{
  "Timestamp": "2025-11-23T23:54:13",
  "Event": "MESH_SNAPSHOT_DETECTED: E:\\CIC\\WyneOS\\system\\Core\\SystemModel\\State\\snapshot_20251123_234249.json"
}
{
  "Timestamp": "2025-11-23T23:54:13",
  "Event": "GUARDIAN_WATCHER_COMPLETE"
}
{
  "Event": "GUARDIAN_WATCHER_START",
  "Timestamp": "2025-11-24T00:29:24"
}
{
  "Event": "MESH_SNAPSHOT_DETECTED: E:\\CIC\\WyneOS\\system\\Core\\SystemModel\\State\\snapshot_20251124_001101.json",
  "Timestamp": "2025-11-24T00:29:25"
}
{
  "Event": "GUARDIAN_WATCHER_COMPLETE",
  "Timestamp": "2025-11-24T00:29:25"
}
{
  "Event": "GUARDIAN_WATCHER_START",
  "Timestamp": "2025-11-24T00:31:04"
}
{
  "Event": "MESH_SNAPSHOT_DETECTED: E:\\CIC\\WyneOS\\system\\Core\\SystemModel\\State\\snapshot_20251124_001101.json",
  "Timestamp": "2025-11-24T00:31:05"
}
{
  "Event": "GUARDIAN_WATCHER_COMPLETE",
  "Timestamp": "2025-11-24T00:31:05"
}
