{
  "event": "APPSTORE_GATEWAY_ASSEMBLY_START",
  "ts": "2025-11-23 04:33:26Z"
}
{
  "event": "APPSTORE_DB_CREATED",
  "ts": "2025-11-23 04:33:26Z"
}
{
  "event": "API_GET_APP_CREATED",
  "ts": "2025-11-23 04:33:26Z"
}
{
  "event": "API_INSTALL_APP_CREATED",
  "ts": "2025-11-23 04:33:26Z"
}
{
  "event": "API_LIST_APPS_CREATED",
  "ts": "2025-11-23 04:33:26Z"
}
{
  "event": "APPSTORE_MANIFEST_CREATED",
  "ts": "2025-11-23 04:33:26Z"
}
{
  "event": "APPSTORE_SEAL_GENERATED",
  "ts": "2025-11-23 04:33:26Z"
}
{
  "event": "APPSTORE_GATEWAY_ASSEMBLY_COMPLETE",
  "ts": "2025-11-23 04:33:27Z"
}
