{
  "event": "ORCHESTRATION_START",
  "ts": "2025-11-23 06:18:11Z"
}
{
  "event": "CORE_INSTALLED",
  "ts": "2025-11-23 06:18:12Z"
}
{
  "event": "TASK_ENGINE_INSTALLED",
  "ts": "2025-11-23 06:18:12Z"
}
{
  "event": "EVENT_BUS_INSTALLED",
  "ts": "2025-11-23 06:18:12Z"
}
{
  "event": "COMMAND_ROUTER_INSTALLED",
  "ts": "2025-11-23 06:18:12Z"
}
{
  "event": "KERNEL_BRIDGE_INSTALLED",
  "ts": "2025-11-23 06:18:12Z"
}
{
  "event": "APPSTORE_BRIDGE_INSTALLED",
  "ts": "2025-11-23 06:18:12Z"
}
{
  "event": "TELEMETRY_ROUTER_INSTALLED",
  "ts": "2025-11-23 06:18:12Z"
}
{
  "event": "SIGNATURE_GENERATED",
  "ts": "2025-11-23 06:18:13Z"
}
{
  "event": "STATE_SNAPSHOT_CREATED",
  "ts": "2025-11-23 06:18:53Z"
}
{
  "event": "HEARTBEAT_ISSUED",
  "ts": "2025-11-23 06:18:53Z"
}
